#
# A fatal error has been detected by the Java Runtime Environment:
#
#  EXCEPTION_ACCESS_VIOLATION (0xc0000005) at pc=0x5a1fdfcd, pid=7040, tid=5600
#
# JRE version: Java(TM) SE Runtime Environment (7.0_79-b15) (build 1.7.0_79-b15)
# Java VM: Java HotSpot(TM) Client VM (24.79-b02 mixed mode, sharing windows-x86 )
# Problematic frame:
# C  [bwapi_bridge2_5.dll+0x15dfcd]
#
# Failed to write core dump. Minidumps are not enabled by default on client versions of Windows
#
# If you would like to submit a bug report, please visit:
#   http://bugreport.java.com/bugreport/crash.jsp
# The crash happened outside the Java Virtual Machine in native code.
# See problematic frame for where to report the bug.
#

---------------  T H R E A D  ---------------

Current thread (0x00bdc400):  JavaThread "main" [_thread_in_native, id=5600, stack(0x003a0000,0x003f0000)]

siginfo: ExceptionCode=0xc0000005, writing address 0x00000508

Registers:
EAX=0x00000000, EBX=0x3488bf48, ECX=0x00caecc0, EDX=0x00000142
ESP=0x003ebdc0, EBP=0x003ebe5c, ESI=0x3488bf48, EDI=0x00bdc400
EIP=0x5a1fdfcd, EFLAGS=0x00010246

Top of Stack: (sp=0x003ebdc0)
0x003ebdc0:   e4eedd5b 0000008d 003ebdb4 00c4abd0
0x003ebdd0:   071a37e4 07097000 0709700c 0709700c
0x003ebde0:   071c26d0 00000001 071a3701 071a35b0
0x003ebdf0:   071a35b0 003ebf24 1c000681 3e3ebe1c
0x003ebe00:   003ebdb4 003ebf64 00000000 ffffffff
0x003ebe10:   003ebe30 5a221446 000001a8 0000008d
0x003ebe20:   00000142 000000d3 003ebdb4 003ebf24
0x003ebe30:   003ebe68 5a223e77 00000300 00000100 

Instructions: (pc=0x5a1fdfcd)
0x5a1fdfad:   8b 45 0c 8b 08 89 4d bc 8b 55 0c 8b 42 04 89 45
0x5a1fdfbd:   c4 8b 4d bc 51 8b 4d 14 e8 a6 a4 f4 ff 8b 55 c4
0x5a1fdfcd:   c7 04 90 00 00 00 00 8d 8d 78 ff ff ff e8 81 a3
0x5a1fdfdd:   f4 ff 0f b6 c0 85 c0 0f 85 1d 02 00 00 8d 8d 78 


Register to memory mapping:

EAX=0x00000000 is an unknown value
EBX=0x3488bf48 is an oop
{method} 
 - klass: {other class}
ECX=0x00caecc0 is an unknown value
EDX=0x00000142 is an unknown value
ESP=0x003ebdc0 is pointing into the stack for thread: 0x00bdc400
EBP=0x003ebe5c is pointing into the stack for thread: 0x00bdc400
ESI=0x3488bf48 is an oop
{method} 
 - klass: {other class}
EDI=0x00bdc400 is a thread


Stack: [0x003a0000,0x003f0000],  sp=0x003ebdc0,  free space=303k
Native frames: (J=compiled Java code, j=interpreted, Vv=VM code, C=native code)
C  [bwapi_bridge2_5.dll+0x15dfcd]
C  [bwapi_bridge2_5.dll+0x191cb3]
C  [bwapi_bridge2_5.dll+0x103057]
C  [bwapi_bridge2_5.dll+0x102e61]
C  [bwapi_bridge2_5.dll+0x5c545]
j  TestBot1.onStart()V+33
j  bwapi.AIModule.onStart()V+11
v  ~StubRoutines::call_stub
V  [jvm.dll+0x14234a]
V  [jvm.dll+0x206ebe]
V  [jvm.dll+0x1423cd]
V  [jvm.dll+0xcb5c2]
V  [jvm.dll+0xcf213]
C  [bwapi_bridge2_5.dll+0x1b20d]
C  [bwapi_bridge2_5.dll+0x750d3]
j  bwapi.Mirror.startGame()V+0
j  TestBot1.run()V+15
j  TestBot1.main([Ljava/lang/String;)V+7
v  ~StubRoutines::call_stub
V  [jvm.dll+0x14234a]
V  [jvm.dll+0x206ebe]
V  [jvm.dll+0x1423cd]
V  [jvm.dll+0xcb345]
V  [jvm.dll+0xd5ff7]
C  [javaw.exe+0x2070]
C  [javaw.exe+0xa601]
C  [javaw.exe+0xa68b]
C  [KERNEL32.DLL+0x138f4]
C  [ntdll.dll+0x65de3]
C  [ntdll.dll+0x65dae]

Java frames: (J=compiled Java code, j=interpreted, Vv=VM code)
j  bwta.BWTA.analyze()V+0
j  TestBot1.onStart()V+33
j  bwapi.AIModule.onStart()V+11
v  ~StubRoutines::call_stub
j  bwapi.Mirror.startGame()V+0
j  TestBot1.run()V+15
j  TestBot1.main([Ljava/lang/String;)V+7
v  ~StubRoutines::call_stub

---------------  P R O C E S S  ---------------

Java Threads: ( => current thread )
  0x00de0000 JavaThread "Service Thread" daemon [_thread_blocked, id=12712, stack(0x04550000,0x045a0000)]
  0x00dd2800 JavaThread "C1 CompilerThread0" daemon [_thread_blocked, id=2432, stack(0x044c0000,0x04510000)]
  0x00dd0000 JavaThread "Attach Listener" daemon [_thread_blocked, id=1604, stack(0x04430000,0x04480000)]
  0x00dce000 JavaThread "Signal Dispatcher" daemon [_thread_blocked, id=13304, stack(0x043e0000,0x04430000)]
  0x00d60400 JavaThread "Finalizer" daemon [_thread_blocked, id=6900, stack(0x00a80000,0x00ad0000)]
  0x00d5ec00 JavaThread "Reference Handler" daemon [_thread_blocked, id=480, stack(0x009f0000,0x00a40000)]
=>0x00bdc400 JavaThread "main" [_thread_in_native, id=5600, stack(0x003a0000,0x003f0000)]

Other Threads:
  0x00d5d800 VMThread [stack: 0x00960000,0x009b0000] [id=9276]
  0x00df0800 WatcherThread [stack: 0x045e0000,0x04630000] [id=10908]

VM state:not at safepoint (normal execution)

VM Mutex/Monitor currently owned by a thread: None

Heap
 def new generation   total 4928K, used 456K [0x24800000, 0x24d50000, 0x29d50000)
  eden space 4416K,  10% used [0x24800000, 0x24871920, 0x24c50000)
  from space 512K,   0% used [0x24c50000, 0x24c508b0, 0x24cd0000)
  to   space 512K,   0% used [0x24cd0000, 0x24cd0000, 0x24d50000)
 tenured generation   total 10944K, used 245K [0x29d50000, 0x2a800000, 0x34800000)
   the space 10944K,   2% used [0x29d50000, 0x29d8d750, 0x29d8d800, 0x2a800000)
 compacting perm gen  total 12288K, used 584K [0x34800000, 0x35400000, 0x38800000)
   the space 12288K,   4% used [0x34800000, 0x34892068, 0x34892200, 0x35400000)
    ro space 10240K,  42% used [0x38800000, 0x38c36058, 0x38c36200, 0x39200000)
    rw space 12288K,  51% used [0x39200000, 0x3983bdb0, 0x3983be00, 0x39e00000)

Card table byte_map: [0x04330000,0x043e0000] byte_map_base: 0x0420c000

Polling page: 0x00b80000

Code Cache  [0x022b0000, 0x02360000, 0x042b0000)
 total_blobs=254 nmethods=117 adapters=74 free_code_cache=32076Kb largest_free_block=32846016

Compilation events (10 events):
Event: 131.263 Thread 0x00dd2800  106             bwapi.Race::get (53 bytes)
Event: 131.263 Thread 0x00dd2800 nmethod 106 0x0235aec8 code [0x0235b000, 0x0235b1b0]
Event: 131.607 Thread 0x00dd2800  107             bwapi.Mirror::update (17 bytes)
Event: 131.607 Thread 0x00dd2800 nmethod 107 0x0235bcc8 code [0x0235bdd0, 0x0235be7c]
Event: 131.607 Thread 0x00dd2800  108             bwapi.AIModule::onFrame (17 bytes)
Event: 131.607 Thread 0x00dd2800 nmethod 108 0x0235bf08 code [0x0235c010, 0x0235c0ac]
Event: 141.794 Thread 0x00dd2800  113             bwapi.Player::get (53 bytes)
Event: 141.794 Thread 0x00dd2800 nmethod 113 0x0235c108 code [0x0235c240, 0x0235c3f0]
Event: 142.966 Thread 0x00dd2800  116             java.nio.CharBuffer::<init> (22 bytes)
Event: 142.966 Thread 0x00dd2800 nmethod 116 0x0235ca48 code [0x0235cb40, 0x0235cc0c]

GC Heap History (10 events):
Event: 497.513 GC heap before
{Heap before GC invocations=9 (full 0):
 def new generation   total 4928K, used 4416K [0x24800000, 0x24d50000, 0x29d50000)
  eden space 4416K, 100% used [0x24800000, 0x24c50000, 0x24c50000)
  from space 512K,   0% used [0x24cd0000, 0x24cd0348, 0x24d50000)
  to   space 512K,   0% used [0x24c50000, 0x24c50000, 0x24cd0000)
 tenured generation   total 10944K, used 245K [0x29d50000, 0x2a800000, 0x34800000)
   the space 10944K,   2% used [0x29d50000, 0x29d8d750, 0x29d8d800, 0x2a800000)
 compacting perm gen  total 12288K, used 584K [0x34800000, 0x35400000, 0x38800000)
   the space 12288K,   4% used [0x34800000, 0x34892068, 0x34892200, 0x35400000)
    ro space 10240K,  42% used [0x38800000, 0x38c36058, 0x38c36200, 0x39200000)
    rw space 12288K,  51% used [0x39200000, 0x3983bdb0, 0x3983be00, 0x39e00000)
Event: 497.513 GC heap after
Heap after GC invocations=10 (full 0):
 def new generation   total 4928K, used 0K [0x24800000, 0x24d50000, 0x29d50000)
  eden space 4416K,   0% used [0x24800000, 0x24800000, 0x24c50000)
  from space 512K,   0% used [0x24c50000, 0x24c502a8, 0x24cd0000)
  to   space 512K,   0% used [0x24cd0000, 0x24cd0000, 0x24d50000)
 tenured generation   total 10944K, used 245K [0x29d50000, 0x2a800000, 0x34800000)
   the space 10944K,   2% used [0x29d50000, 0x29d8d750, 0x29d8d800, 0x2a800000)
 compacting perm gen  total 12288K, used 584K [0x34800000, 0x35400000, 0x38800000)
   the space 12288K,   4% used [0x34800000, 0x34892068, 0x34892200, 0x35400000)
    ro space 10240K,  42% used [0x38800000, 0x38c36058, 0x38c36200, 0x39200000)
    rw space 12288K,  51% used [0x39200000, 0x3983bdb0, 0x3983be00, 0x39e00000)
}
Event: 541.810 GC heap before
{Heap before GC invocations=10 (full 0):
 def new generation   total 4928K, used 4416K [0x24800000, 0x24d50000, 0x29d50000)
  eden space 4416K, 100% used [0x24800000, 0x24c50000, 0x24c50000)
  from space 512K,   0% used [0x24c50000, 0x24c502a8, 0x24cd0000)
  to   space 512K,   0% used [0x24cd0000, 0x24cd0000, 0x24d50000)
 tenured generation   total 10944K, used 245K [0x29d50000, 0x2a800000, 0x34800000)
   the space 10944K,   2% used [0x29d50000, 0x29d8d750, 0x29d8d800, 0x2a800000)
 compacting perm gen  total 12288K, used 584K [0x34800000, 0x35400000, 0x38800000)
   the space 12288K,   4% used [0x34800000, 0x34892068, 0x34892200, 0x35400000)
    ro space 10240K,  42% used [0x38800000, 0x38c36058, 0x38c36200, 0x39200000)
    rw space 12288K,  51% used [0x39200000, 0x3983bdb0, 0x3983be00, 0x39e00000)
Event: 541.810 GC heap after
Heap after GC invocations=11 (full 0):
 def new generation   total 4928K, used 0K [0x24800000, 0x24d50000, 0x29d50000)
  eden space 4416K,   0% used [0x24800000, 0x24800000, 0x24c50000)
  from space 512K,   0% used [0x24cd0000, 0x24cd02b8, 0x24d50000)
  to   space 512K,   0% used [0x24c50000, 0x24c50000, 0x24cd0000)
 tenured generation   total 10944K, used 245K [0x29d50000, 0x2a800000, 0x34800000)
   the space 10944K,   2% used [0x29d50000, 0x29d8d750, 0x29d8d800, 0x2a800000)
 compacting perm gen  total 12288K, used 584K [0x34800000, 0x35400000, 0x38800000)
   the space 12288K,   4% used [0x34800000, 0x34892068, 0x34892200, 0x35400000)
    ro space 10240K,  42% used [0x38800000, 0x38c36058, 0x38c36200, 0x39200000)
    rw space 12288K,  51% used [0x39200000, 0x3983bdb0, 0x3983be00, 0x39e00000)
}
Event: 586.091 GC heap before
{Heap before GC invocations=11 (full 0):
 def new generation   total 4928K, used 4416K [0x24800000, 0x24d50000, 0x29d50000)
  eden space 4416K, 100% used [0x24800000, 0x24c50000, 0x24c50000)
  from space 512K,   0% used [0x24cd0000, 0x24cd02b8, 0x24d50000)
  to   space 512K,   0% used [0x24c50000, 0x24c50000, 0x24cd0000)
 tenured generation   total 10944K, used 245K [0x29d50000, 0x2a800000, 0x34800000)
   the space 10944K,   2% used [0x29d50000, 0x29d8d750, 0x29d8d800, 0x2a800000)
 compacting perm gen  total 12288K, used 584K [0x34800000, 0x35400000, 0x38800000)
   the space 12288K,   4% used [0x34800000, 0x34892068, 0x34892200, 0x35400000)
    ro space 10240K,  42% used [0x38800000, 0x38c36058, 0x38c36200, 0x39200000)
    rw space 12288K,  51% used [0x39200000, 0x3983bdb0, 0x3983be00, 0x39e00000)
Event: 586.091 GC heap after
Heap after GC invocations=12 (full 0):
 def new generation   total 4928K, used 0K [0x24800000, 0x24d50000, 0x29d50000)
  eden space 4416K,   0% used [0x24800000, 0x24800000, 0x24c50000)
  from space 512K,   0% used [0x24c50000, 0x24c503f0, 0x24cd0000)
  to   space 512K,   0% used [0x24cd0000, 0x24cd0000, 0x24d50000)
 tenured generation   total 10944K, used 245K [0x29d50000, 0x2a800000, 0x34800000)
   the space 10944K,   2% used [0x29d50000, 0x29d8d750, 0x29d8d800, 0x2a800000)
 compacting perm gen  total 12288K, used 584K [0x34800000, 0x35400000, 0x38800000)
   the space 12288K,   4% used [0x34800000, 0x34892068, 0x34892200, 0x35400000)
    ro space 10240K,  42% used [0x38800000, 0x38c36058, 0x38c36200, 0x39200000)
    rw space 12288K,  51% used [0x39200000, 0x3983bdb0, 0x3983be00, 0x39e00000)
}
Event: 630.388 GC heap before
{Heap before GC invocations=12 (full 0):
 def new generation   total 4928K, used 4416K [0x24800000, 0x24d50000, 0x29d50000)
  eden space 4416K, 100% used [0x24800000, 0x24c50000, 0x24c50000)
  from space 512K,   0% used [0x24c50000, 0x24c503f0, 0x24cd0000)
  to   space 512K,   0% used [0x24cd0000, 0x24cd0000, 0x24d50000)
 tenured generation   total 10944K, used 245K [0x29d50000, 0x2a800000, 0x34800000)
   the space 10944K,   2% used [0x29d50000, 0x29d8d750, 0x29d8d800, 0x2a800000)
 compacting perm gen  total 12288K, used 584K [0x34800000, 0x35400000, 0x38800000)
   the space 12288K,   4% used [0x34800000, 0x34892068, 0x34892200, 0x35400000)
    ro space 10240K,  42% used [0x38800000, 0x38c36058, 0x38c36200, 0x39200000)
    rw space 12288K,  51% used [0x39200000, 0x3983bdb0, 0x3983be00, 0x39e00000)
Event: 630.388 GC heap after
Heap after GC invocations=13 (full 0):
 def new generation   total 4928K, used 0K [0x24800000, 0x24d50000, 0x29d50000)
  eden space 4416K,   0% used [0x24800000, 0x24800000, 0x24c50000)
  from space 512K,   0% used [0x24cd0000, 0x24cd03f0, 0x24d50000)
  to   space 512K,   0% used [0x24c50000, 0x24c50000, 0x24cd0000)
 tenured generation   total 10944K, used 245K [0x29d50000, 0x2a800000, 0x34800000)
   the space 10944K,   2% used [0x29d50000, 0x29d8d750, 0x29d8d800, 0x2a800000)
 compacting perm gen  total 12288K, used 584K [0x34800000, 0x35400000, 0x38800000)
   the space 12288K,   4% used [0x34800000, 0x34892068, 0x34892200, 0x35400000)
    ro space 10240K,  42% used [0x38800000, 0x38c36058, 0x38c36200, 0x39200000)
    rw space 12288K,  51% used [0x39200000, 0x3983bdb0, 0x3983be00, 0x39e00000)
}
Event: 678.998 GC heap before
{Heap before GC invocations=13 (full 0):
 def new generation   total 4928K, used 4416K [0x24800000, 0x24d50000, 0x29d50000)
  eden space 4416K, 100% used [0x24800000, 0x24c50000, 0x24c50000)
  from space 512K,   0% used [0x24cd0000, 0x24cd03f0, 0x24d50000)
  to   space 512K,   0% used [0x24c50000, 0x24c50000, 0x24cd0000)
 tenured generation   total 10944K, used 245K [0x29d50000, 0x2a800000, 0x34800000)
   the space 10944K,   2% used [0x29d50000, 0x29d8d750, 0x29d8d800, 0x2a800000)
 compacting perm gen  total 12288K, used 584K [0x34800000, 0x35400000, 0x38800000)
   the space 12288K,   4% used [0x34800000, 0x34892068, 0x34892200, 0x35400000)
    ro space 10240K,  42% used [0x38800000, 0x38c36058, 0x38c36200, 0x39200000)
    rw space 12288K,  51% used [0x39200000, 0x3983bdb0, 0x3983be00, 0x39e00000)
Event: 678.998 GC heap after
Heap after GC invocations=14 (full 0):
 def new generation   total 4928K, used 2K [0x24800000, 0x24d50000, 0x29d50000)
  eden space 4416K,   0% used [0x24800000, 0x24800000, 0x24c50000)
  from space 512K,   0% used [0x24c50000, 0x24c508b0, 0x24cd0000)
  to   space 512K,   0% used [0x24cd0000, 0x24cd0000, 0x24d50000)
 tenured generation   total 10944K, used 245K [0x29d50000, 0x2a800000, 0x34800000)
   the space 10944K,   2% used [0x29d50000, 0x29d8d750, 0x29d8d800, 0x2a800000)
 compacting perm gen  total 12288K, used 584K [0x34800000, 0x35400000, 0x38800000)
   the space 12288K,   4% used [0x34800000, 0x34892068, 0x34892200, 0x35400000)
    ro space 10240K,  42% used [0x38800000, 0x38c36058, 0x38c36200, 0x39200000)
    rw space 12288K,  51% used [0x39200000, 0x3983bdb0, 0x3983be00, 0x39e00000)
}

Deoptimization events (0 events):
No events

Internal exceptions (10 events):
Event: 0.081 Thread 0x00bdc400 Threw 0x248f2198 at C:\re\jdk7u79\2331\hotspot\src\share\vm\prims\jvm.cpp:1304
Event: 0.126 Thread 0x00bdc400 Threw 0x248fe0c0 at C:\re\jdk7u79\2331\hotspot\src\share\vm\prims\jvm.cpp:1304
Event: 0.129 Thread 0x00bdc400 Threw 0x249148e8 at C:\re\jdk7u79\2331\hotspot\src\share\vm\prims\jvm.cpp:1304
Event: 0.131 Thread 0x00bdc400 Threw 0x24917c00 at C:\re\jdk7u79\2331\hotspot\src\share\vm\prims\jvm.cpp:1304
Event: 4.185 Thread 0x00bdc400 Threw 0x24920780 at C:\re\jdk7u79\2331\hotspot\src\share\vm\prims\jvm.cpp:1304
Event: 31.880 Thread 0x00bdc400 Threw 0x249240f8 at C:\re\jdk7u79\2331\hotspot\src\share\vm\prims\jvm.cpp:1304
Event: 31.880 Thread 0x00bdc400 Threw 0x24928260 at C:\re\jdk7u79\2331\hotspot\src\share\vm\prims\jvm.cpp:1304
Event: 31.881 Thread 0x00bdc400 Threw 0x2492ba08 at C:\re\jdk7u79\2331\hotspot\src\share\vm\prims\jvm.cpp:1304
Event: 31.881 Thread 0x00bdc400 Threw 0x2492dee8 at C:\re\jdk7u79\2331\hotspot\src\share\vm\prims\jvm.cpp:1304
Event: 31.893 Thread 0x00bdc400 Threw 0x24984288 at C:\re\jdk7u79\2331\hotspot\src\share\vm\prims\jvm.cpp:1304

Events (10 events):
Event: 497.512 Executing VM operation: GenCollectForAllocation
Event: 497.513 Executing VM operation: GenCollectForAllocation done
Event: 541.810 Executing VM operation: GenCollectForAllocation
Event: 541.810 Executing VM operation: GenCollectForAllocation done
Event: 586.091 Executing VM operation: GenCollectForAllocation
Event: 586.091 Executing VM operation: GenCollectForAllocation done
Event: 630.388 Executing VM operation: GenCollectForAllocation
Event: 630.388 Executing VM operation: GenCollectForAllocation done
Event: 678.998 Executing VM operation: GenCollectForAllocation
Event: 678.998 Executing VM operation: GenCollectForAllocation done


Dynamic libraries:
0x00330000 - 0x0035f000 	C:\Program Files (x86)\Java\jre7\bin\javaw.exe
0x77dd0000 - 0x77f4b000 	C:\Windows\SYSTEM32\ntdll.dll
0x776b0000 - 0x77790000 	C:\Windows\SYSTEM32\KERNEL32.DLL
0x75550000 - 0x756ce000 	C:\Windows\SYSTEM32\KERNELBASE.dll
0x779d0000 - 0x77a4b000 	C:\Windows\SYSTEM32\ADVAPI32.dll
0x76fc0000 - 0x7707e000 	C:\Windows\SYSTEM32\msvcrt.dll
0x77ab0000 - 0x77af4000 	C:\Windows\SYSTEM32\sechost.dll
0x76bf0000 - 0x76c9d000 	C:\Windows\SYSTEM32\RPCRT4.dll
0x74b00000 - 0x74b1e000 	C:\Windows\SYSTEM32\SspiCli.dll
0x74af0000 - 0x74afa000 	C:\Windows\SYSTEM32\CRYPTBASE.dll
0x777e0000 - 0x77838000 	C:\Windows\SYSTEM32\bcryptPrimitives.dll
0x74c90000 - 0x74dd7000 	C:\Windows\SYSTEM32\USER32.dll
0x76ca0000 - 0x76def000 	C:\Windows\SYSTEM32\GDI32.dll
0x741d0000 - 0x743df000 	C:\Windows\WinSxS\x86_microsoft.windows.common-controls_6595b64144ccf1df_6.0.10586.0_none_d3c2e4e965da4528\COMCTL32.dll
0x76df0000 - 0x76fad000 	C:\Windows\SYSTEM32\combase.dll
0x75020000 - 0x7504b000 	C:\Windows\SYSTEM32\IMM32.DLL
0x5a710000 - 0x5a7cf000 	C:\Program Files (x86)\Java\jre7\bin\msvcr100.dll
0x5a380000 - 0x5a709000 	C:\Program Files (x86)\Java\jre7\bin\client\jvm.dll
0x75740000 - 0x75746000 	C:\Windows\SYSTEM32\PSAPI.DLL
0x6a0b0000 - 0x6a0b8000 	C:\Windows\SYSTEM32\WSOCK32.dll
0x74f50000 - 0x74faf000 	C:\Windows\SYSTEM32\WS2_32.dll
0x72df0000 - 0x72e14000 	C:\Windows\SYSTEM32\WINMM.dll
0x72dc0000 - 0x72de3000 	C:\Windows\SYSTEM32\WINMMBASE.dll
0x777a0000 - 0x777d7000 	C:\Windows\SYSTEM32\cfgmgr32.dll
0x5a370000 - 0x5a37c000 	C:\Program Files (x86)\Java\jre7\bin\verify.dll
0x5a350000 - 0x5a370000 	C:\Program Files (x86)\Java\jre7\bin\java.dll
0x5a330000 - 0x5a343000 	C:\Program Files (x86)\Java\jre7\bin\zip.dll
0x5a0a0000 - 0x5a326000 	C:\Users\Gregory Kielian\Desktop\SCBot\ExampleBot\bwapi_bridge2_5.dll
0x6acc0000 - 0x6ad27000 	C:\Users\Gregory Kielian\Desktop\SCBot\ExampleBot\libgmp-10.dll
0x6f540000 - 0x6f59e000 	C:\Users\Gregory Kielian\Desktop\SCBot\ExampleBot\libmpfr-4.dll
0x5f490000 - 0x5f501000 	C:\Windows\SYSTEM32\MSVCP120.dll
0x74940000 - 0x74a2e000 	C:\Windows\SYSTEM32\MSVCR120.dll
0x67740000 - 0x6787f000 	C:\Windows\SYSTEM32\dbghelp.dll

VM Arguments:
jvm_args: -Dfile.encoding=Cp1252 
java_command: TestBot1
Launcher Type: SUN_STANDARD

Environment Variables:
PATH=C:/Program Files/Java/jre1.8.0_91/bin/server;C:/Program Files/Java/jre1.8.0_91/bin;C:/Program Files/Java/jre1.8.0_91/lib/amd64;C:\ProgramData\Oracle\Java\javapath;C:\Program Files (x86)\Intel\iCLS Client\;C:\Program Files\Intel\iCLS Client\;C:\Windows\system32;C:\Windows;C:\Windows\System32\Wbem;C:\Windows\System32\WindowsPowerShell\v1.0\;C:\Program Files (x86)\Intel\Intel(R) Management Engine Components\DAL;C:\Program Files\Intel\Intel(R) Management Engine Components\DAL;C:\Program Files (x86)\Intel\Intel(R) Management Engine Components\IPT;C:\Program Files\Intel\Intel(R) Management Engine Components\IPT;C:\Program Files (x86)\NVIDIA Corporation\PhysX\Common;C:\Windows\system32\config\systemprofile\.dnx\bin;C:\Program Files\Microsoft DNX\Dnvm\;C:\Program Files\Microsoft SQL Server\130\Tools\Binn\;C:\Program Files\Intel\WiFi\bin\;C:\Program Files\Common Files\Intel\WirelessCommon\;C:\Users\Gregory Kielian\eclipse\java-latest-released\eclipse;
USERNAME=Gregory Kielian
OS=Windows_NT
PROCESSOR_IDENTIFIER=Intel64 Family 6 Model 94 Stepping 3, GenuineIntel



---------------  S Y S T E M  ---------------

OS: Windows 8.1 , 64 bit Build 9600 

CPU:total 4 (4 cores per cpu, 1 threads per core) family 6 model 94 stepping 3, cmov, cx8, fxsr, mmx, sse, sse2, sse3, ssse3, sse4.1, sse4.2, popcnt, avx, avx2, aes, erms, tsc, tscinvbit

Memory: 4k page, physical 8258828k(3009904k free), swap 10224908k(2301624k free)

vm_info: Java HotSpot(TM) Client VM (24.79-b02) for windows-x86 JRE (1.7.0_79-b15), built on Apr 10 2015 16:49:13 by "java_re" with unknown MS VC++:1600

time: Sun May 22 10:02:00 2016
elapsed time: 1234 seconds

